<?xml version="1.0" encoding="UTF-8"?>
<!-- Generated by org.testng.reporters.JUnitReportReporter -->
<testsuite hostname="DESKTOP-TAL6K7K" failures="1" tests="1" name="SeleniumProgram.Assert_India" time="7.304" errors="0" timestamp="2024-06-25T22:02:05 IST" skipped="0">
  <testcase classname="SeleniumProgram.Assert_India" name="test1" time="7.304">
    <failure message="sorry expected [india - Google Search] but found [https://www.google.com/search?q=India&amp;sca_esv=25c9fa5c60f43d7f&amp;source=hp&amp;ei=AfF6ZoHrCs_g2roPlMqnwAo&amp;iflsig=AL9hbdgAAAAAZnr_ETPsbbNZQgKcI20nqCudErAbiwrF&amp;ved=0ahUKEwjB78D_lveGAxVPsFYBHRTlCagQ4dUDCA0&amp;uact=5&amp;oq=India&amp;gs_lp=Egdnd3Mtd2l6IgVJbmRpYTITEAAYgAQYsQMYgwEYigUYRhj7ATILEC4YgAQYsQMYgwEyDhAAGIAEGLEDGIMBGIoFMggQABiABBixAzIIEAAYgAQYsQMyBRAAGIAEMgsQLhiABBixAxiDATIOEAAYgAQYsQMYgwEYigUyDhAAGIAEGLEDGIMBGIoFMgsQLhiABBixAxiDAUivAlAAWBxwAHgAkAEAmAHUAaAB0gWqAQUwLjMuMbgBA8gBAPgBAZgCBKAClwbCAgsQABiABBixAxiDAcICERAuGIAEGLEDGNEDGIMBGMcBmAMAkgcFMC4yLjKgB_Up&amp;sclient=gws-wiz]" type="java.lang.AssertionError">
      <![CDATA[java.lang.AssertionError: sorry expected [india - Google Search] but found [https://www.google.com/search?q=India&sca_esv=25c9fa5c60f43d7f&source=hp&ei=AfF6ZoHrCs_g2roPlMqnwAo&iflsig=AL9hbdgAAAAAZnr_ETPsbbNZQgKcI20nqCudErAbiwrF&ved=0ahUKEwjB78D_lveGAxVPsFYBHRTlCagQ4dUDCA0&uact=5&oq=India&gs_lp=Egdnd3Mtd2l6IgVJbmRpYTITEAAYgAQYsQMYgwEYigUYRhj7ATILEC4YgAQYsQMYgwEyDhAAGIAEGLEDGIMBGIoFMggQABiABBixAzIIEAAYgAQYsQMyBRAAGIAEMgsQLhiABBixAxiDATIOEAAYgAQYsQMYgwEYigUyDhAAGIAEGLEDGIMBGIoFMgsQLhiABBixAxiDAUivAlAAWBxwAHgAkAEAmAHUAaAB0gWqAQUwLjMuMbgBA8gBAPgBAZgCBKAClwbCAgsQABiABBixAxiDAcICERAuGIAEGLEDGNEDGIMBGMcBmAMAkgcFMC4yLjKgB_Up&sclient=gws-wiz]
at org.testng.Assert.fail(Assert.java:99)
at org.testng.Assert.failNotEquals(Assert.java:1037)
at org.testng.Assert.assertEqualsImpl(Assert.java:140)
at org.testng.Assert.assertEquals(Assert.java:122)
at org.testng.Assert.assertEquals(Assert.java:629)
at SeleniumProgram.Assert_India.test1(Assert_India.java:25)
at java.base/jdk.internal.reflect.DirectMethodHandleAccessor.invoke(DirectMethodHandleAccessor.java:103)
at java.base/java.lang.reflect.Method.invoke(Method.java:580)
at org.testng.internal.MethodInvocationHelper.invokeMethod(MethodInvocationHelper.java:133)
at org.testng.internal.TestInvoker.invokeMethod(TestInvoker.java:598)
at org.testng.internal.TestInvoker.invokeTestMethod(TestInvoker.java:173)
at org.testng.internal.MethodRunner.runInSequence(MethodRunner.java:46)
at org.testng.internal.TestInvoker$MethodInvocationAgent.invoke(TestInvoker.java:824)
at org.testng.internal.TestInvoker.invokeTestMethods(TestInvoker.java:146)
at org.testng.internal.TestMethodWorker.invokeTestMethods(TestMethodWorker.java:146)
at org.testng.internal.TestMethodWorker.run(TestMethodWorker.java:128)
at java.base/java.util.ArrayList.forEach(ArrayList.java:1596)
at org.testng.TestRunner.privateRun(TestRunner.java:794)
at org.testng.TestRunner.run(TestRunner.java:596)
at org.testng.SuiteRunner.runTest(SuiteRunner.java:377)
at org.testng.SuiteRunner.runSequentially(SuiteRunner.java:371)
at org.testng.SuiteRunner.privateRun(SuiteRunner.java:332)
at org.testng.SuiteRunner.run(SuiteRunner.java:276)
at org.testng.SuiteRunnerWorker.runSuite(SuiteRunnerWorker.java:53)
at org.testng.SuiteRunnerWorker.run(SuiteRunnerWorker.java:96)
at org.testng.TestNG.runSuitesSequentially(TestNG.java:1212)
at org.testng.TestNG.runSuitesLocally(TestNG.java:1134)
at org.testng.TestNG.runSuites(TestNG.java:1063)
at org.testng.TestNG.run(TestNG.java:1031)
at org.testng.remote.AbstractRemoteTestNG.run(AbstractRemoteTestNG.java:115)
at org.testng.remote.RemoteTestNG.initAndRun(RemoteTestNG.java:293)
at org.testng.remote.RemoteTestNG.main(RemoteTestNG.java:91)
]]>
    </failure>
  </testcase> <!-- test1 -->
  <system-out/>
</testsuite> <!-- SeleniumProgram.Assert_India -->
